mode: set
github.com/kubearmor/KubeArmor/KubeArmor/state/data.go:17.80,18.33 1 1
github.com/kubearmor/KubeArmor/KubeArmor/state/data.go:18.33,21.3 2 1
github.com/kubearmor/KubeArmor/KubeArmor/state/data.go:24.2,26.25 3 1
github.com/kubearmor/KubeArmor/KubeArmor/state/data.go:26.25,29.55 1 1
github.com/kubearmor/KubeArmor/KubeArmor/state/data.go:29.55,43.4 3 1
github.com/kubearmor/KubeArmor/KubeArmor/state/data.go:43.9,47.4 2 1
github.com/kubearmor/KubeArmor/KubeArmor/state/data.go:49.8,49.34 1 1
github.com/kubearmor/KubeArmor/KubeArmor/state/data.go:49.34,50.54 1 1
github.com/kubearmor/KubeArmor/KubeArmor/state/data.go:50.54,55.30 3 1
github.com/kubearmor/KubeArmor/KubeArmor/state/data.go:55.30,59.5 3 1
github.com/kubearmor/KubeArmor/KubeArmor/state/data.go:63.2,66.16 3 1
github.com/kubearmor/KubeArmor/KubeArmor/state/data.go:66.16,69.3 2 0
github.com/kubearmor/KubeArmor/KubeArmor/state/data.go:71.2,79.31 2 1
github.com/kubearmor/KubeArmor/KubeArmor/state/data.go:79.31,81.3 1 1
github.com/kubearmor/KubeArmor/KubeArmor/state/data.go:83.2,83.44 1 1
github.com/kubearmor/KubeArmor/KubeArmor/state/data.go:83.44,84.10 1 1
github.com/kubearmor/KubeArmor/KubeArmor/state/data.go:85.31,85.31 0 1
github.com/kubearmor/KubeArmor/KubeArmor/state/data.go:86.11,88.10 2 1
github.com/kubearmor/KubeArmor/KubeArmor/state/data.go:94.65,95.25 1 1
github.com/kubearmor/KubeArmor/KubeArmor/state/data.go:95.25,98.3 2 1
github.com/kubearmor/KubeArmor/KubeArmor/state/data.go:100.2,101.16 2 1
github.com/kubearmor/KubeArmor/KubeArmor/state/data.go:101.16,104.3 2 0
github.com/kubearmor/KubeArmor/KubeArmor/state/data.go:106.2,114.31 2 1
github.com/kubearmor/KubeArmor/KubeArmor/state/data.go:114.31,116.3 1 1
github.com/kubearmor/KubeArmor/KubeArmor/state/data.go:118.2,118.44 1 1
github.com/kubearmor/KubeArmor/KubeArmor/state/data.go:118.44,119.10 1 1
github.com/kubearmor/KubeArmor/KubeArmor/state/data.go:120.26,120.26 0 1
github.com/kubearmor/KubeArmor/KubeArmor/state/data.go:121.11,123.10 2 1
github.com/kubearmor/KubeArmor/KubeArmor/state/data.go:129.80,131.16 2 1
github.com/kubearmor/KubeArmor/KubeArmor/state/data.go:131.16,134.3 2 0
github.com/kubearmor/KubeArmor/KubeArmor/state/data.go:136.2,144.31 2 1
github.com/kubearmor/KubeArmor/KubeArmor/state/data.go:144.31,146.3 1 1
github.com/kubearmor/KubeArmor/KubeArmor/state/data.go:148.2,148.44 1 1
github.com/kubearmor/KubeArmor/KubeArmor/state/data.go:148.44,149.10 1 1
github.com/kubearmor/KubeArmor/KubeArmor/state/data.go:150.24,150.24 0 1
github.com/kubearmor/KubeArmor/KubeArmor/state/data.go:151.11,153.10 2 1
github.com/kubearmor/KubeArmor/KubeArmor/state/stateAgent.go:59.137,75.2 1 0
github.com/kubearmor/KubeArmor/KubeArmor/state/stateAgent.go:78.73,87.2 6 0
github.com/kubearmor/KubeArmor/KubeArmor/state/stateAgent.go:90.56,95.2 4 0
github.com/kubearmor/KubeArmor/KubeArmor/state/stateAgent.go:98.96,102.15 3 0
github.com/kubearmor/KubeArmor/KubeArmor/state/stateAgent.go:102.15,105.3 2 0
github.com/kubearmor/KubeArmor/KubeArmor/state/stateAgent.go:107.2,107.17 1 0
github.com/kubearmor/KubeArmor/KubeArmor/state/stateAgent.go:107.17,108.10 1 0
github.com/kubearmor/KubeArmor/KubeArmor/state/stateAgent.go:109.31,110.14 1 0
github.com/kubearmor/KubeArmor/KubeArmor/state/stateAgent.go:111.24,112.63 1 0
github.com/kubearmor/KubeArmor/KubeArmor/state/stateAgent.go:112.63,115.5 2 0
github.com/kubearmor/KubeArmor/KubeArmor/state/stateAgent.go:119.2,119.12 1 0
github.com/kubearmor/KubeArmor/KubeArmor/state/stateAgent.go:123.92,127.16 3 0
github.com/kubearmor/KubeArmor/KubeArmor/state/stateAgent.go:127.16,129.3 1 0
github.com/kubearmor/KubeArmor/KubeArmor/state/stateAgent.go:131.2,140.49 4 0
github.com/kubearmor/KubeArmor/KubeArmor/state/stateAgent.go:140.49,142.17 2 0
github.com/kubearmor/KubeArmor/KubeArmor/state/stateAgent.go:142.17,144.4 1 0
github.com/kubearmor/KubeArmor/KubeArmor/state/stateAgent.go:146.3,153.51 2 0
github.com/kubearmor/KubeArmor/KubeArmor/state/stateAgent.go:155.2,157.42 2 0
github.com/kubearmor/KubeArmor/KubeArmor/state/stateAgent.go:157.42,159.17 2 0
github.com/kubearmor/KubeArmor/KubeArmor/state/stateAgent.go:159.17,161.4 1 0
github.com/kubearmor/KubeArmor/KubeArmor/state/stateAgent.go:163.3,170.58 2 0
github.com/kubearmor/KubeArmor/KubeArmor/state/stateAgent.go:173.2,178.49 3 0
github.com/kubearmor/KubeArmor/KubeArmor/state/stateAgent.go:178.49,181.3 2 0
github.com/kubearmor/KubeArmor/KubeArmor/state/stateAgent.go:183.2,183.12 1 0
github.com/kubearmor/KubeArmor/KubeArmor/state/stateAgent.go:187.49,192.2 3 0
